2025-07-31 02:04:10,580 - INFO - Application initialized successfully.
2025-07-31 02:05:07,451 - INFO - Added image input set #1
2025-07-31 02:05:09,708 - INFO - Added image input set #2
2025-07-31 02:05:11,084 - INFO - Added image input set #3
2025-07-31 02:07:18,174 - INFO - Form submitted: {'Configurator Name': 'Test', 'Style': 'Accordion Style 2', 'Custom CSS': 'product1', 'Custom JS': 'product2', 'Form': 'Cart Form', 'Base Price': '255', 'Required': True, 'Hide Control': True, 'Image Layer URL': 'https://floor-and-design.fr/wp-content/uploads/2025/07/Terre-verte-de-NicI§oisie-15g-Bleu-kossoghol-3g-2-1.png', 'Images': [{'Width': '2909', 'Height': '890', 'URL': 'https://floor-and-design.fr/wp-content/uploads/2025/07/Terre-verte-de-NicI§oisie-15g-Bleu-kossoghol-3g-2-1.png'}, {'Width': '2', 'Height': '2', 'URL': 'https://floor-and-design.fr/wp-content/uploads/2025/07/Terre-verte-de-NicI§oisie-15g-Bleu-kossoghol-3g-2-1.png'}, {'Width': '1', 'Height': '1', 'URL': 'https://floor-and-design.fr/wp-content/uploads/2025/07/Terre-verte-de-NicI§oisie-15g-Bleu-kossoghol-3g-2-1.png'}]}
2025-07-31 02:16:42,107 - INFO - Application initialized successfully.
2025-07-31 02:17:09,966 - INFO - Added image input set #1
2025-07-31 02:17:48,591 - INFO - Form submitted: {'Configurator Name': 'test', 'Style': 'Accordion Style 2', 'Custom CSS': 'css', 'Custom JS': 'js', 'Form': 'Cart Form', 'Base Price': '123', 'Required': True, 'Hide Control': True, 'Image Layer URL': 'https://floor-and-design.fr/wp-content/uploads/2025/07/Terre-verte-de-NicI§oisie-15g-Bleu-kossoghol-3g-2-1.png', 'Images': [{'Motif': 'motif', 'Date': '2025/07', 'Width': '2345', 'Height': '1234', 'Product URL': ''}]}
2025-07-31 02:23:09,128 - INFO - Application initialized successfully.
2025-07-31 02:23:25,315 - INFO - Added image input set #1
2025-07-31 02:42:57,939 - INFO - Application initialized successfully.
2025-07-31 02:43:24,910 - INFO - Added image input set #1
2025-07-31 02:43:59,684 - INFO - Added image input set #2
2025-07-31 02:45:40,809 - INFO - Application initialized successfully.
2025-07-31 02:45:55,264 - INFO - Added image input set #1
2025-07-31 02:55:54,195 - INFO - Application initialized successfully.
2025-07-31 02:55:56,105 - INFO - Added image input set #1
2025-07-31 02:59:49,184 - INFO - Application initialized successfully.
2025-07-31 02:59:51,092 - ERROR - Error adding image fields: 'Couleur'
2025-07-31 03:00:12,568 - INFO - Application initialized successfully.
2025-07-31 03:00:13,958 - ERROR - Error adding image fields: 'Couleur'
